<?xml version="1.0" encoding="UTF-8"?>
<testng-results skipped="0" failed="0" ignored="0" total="1" passed="1">
  <reporter-output>
  </reporter-output>
  <suite name="Default suite" duration-ms="35091" started-at="2018-01-11T10:24:47Z" finished-at="2018-01-11T10:25:22Z">
    <groups>
    </groups>
    <test name="Default test" duration-ms="35091" started-at="2018-01-11T10:24:47Z" finished-at="2018-01-11T10:25:22Z">
      <class name="com.seleniumProject.imdb.Tests.TestSample01">
        <test-method status="PASS" signature="init()[pri:0, instance:com.seleniumProject.imdb.Tests.TestSample01@3bfdc050]" name="init" is-config="true" duration-ms="24073" started-at="2018-01-11T12:24:47Z" finished-at="2018-01-11T12:25:11Z">
          <reporter-output>
          </reporter-output>
        </test-method> <!-- init -->
        <test-method status="PASS" signature="checkMovieNames()[pri:0, instance:com.seleniumProject.imdb.Tests.TestSample01@3bfdc050]" name="checkMovieNames" duration-ms="8269" started-at="2018-01-11T12:25:12Z" finished-at="2018-01-11T12:25:20Z">
          <reporter-output>
          </reporter-output>
        </test-method> <!-- checkMovieNames -->
        <test-method status="PASS" signature="cleanup()[pri:0, instance:com.seleniumProject.imdb.Tests.TestSample01@3bfdc050]" name="cleanup" is-config="true" duration-ms="2067" started-at="2018-01-11T12:25:20Z" finished-at="2018-01-11T12:25:22Z">
          <reporter-output>
          </reporter-output>
        </test-method> <!-- cleanup -->
      </class> <!-- com.seleniumProject.imdb.Tests.TestSample01 -->
    </test> <!-- Default test -->
  </suite> <!-- Default suite -->
</testng-results>
